Build started 6/26/2016 2:44:54 AM.
     1>Project "C:\Development\fixGateway-mt4\fix_Gateway\FixGatewayDll\FixGatewayDll.vcxproj" on node 2 (build target(s)).
     1>InitializeBuildStatus:
         Touching "Debug\FixGatewayDll.unsuccessfulbuild".
       ClCompile:
         c:\Program Files (x86)\Microsoft Visual Studio 10.0\VC\bin\CL.exe /c /ZI /nologo /W3 /WX- /Od /Oy- /D WIN32 /D _DEBUG /D _WINDOWS /D _USRDLL /D FIXGATEWAYDLL_EXPORTS /D BUILDING_DLL /D _WINDLL /D _UNICODE /D UNICODE /Gm /EHsc /RTC1 /MDd /GS /fp:precise /Zc:wchar_t /Zc:forScope /Fo"Debug\\" /Fd"Debug\vc100.pdb" /Gd /TC /analyze- /errorReport:prompt common.c fixGateway.c
         fixGateway.c
     1>c:\development\fixgateway-mt4\fix_gateway\fixgatewaydll\fixgateway.c(286): warning C4996: 'vsprintf': This function or variable may be unsafe. Consider using vsprintf_s instead. To disable deprecation, use _CRT_SECURE_NO_WARNINGS. See online help for details.
                 c:\program files (x86)\microsoft visual studio 10.0\vc\include\stdio.h(371) : see declaration of 'vsprintf'
     1>c:\development\fixgateway-mt4\fix_gateway\fixgatewaydll\fixgateway.c(309): warning C4013: 'close' undefined; assuming extern returning int
     1>c:\development\fixgateway-mt4\fix_gateway\fixgatewaydll\fixgateway.c(401): warning C4018: '<' : signed/unsigned mismatch
     1>c:\development\fixgateway-mt4\fix_gateway\fixgatewaydll\fixgateway.c(420): warning C4996: 'sprintf': This function or variable may be unsafe. Consider using sprintf_s instead. To disable deprecation, use _CRT_SECURE_NO_WARNINGS. See online help for details.
                 c:\program files (x86)\microsoft visual studio 10.0\vc\include\stdio.h(371) : see declaration of 'sprintf'
     1>c:\development\fixgateway-mt4\fix_gateway\fixgatewaydll\fixgateway.c(431): warning C4996: 'sprintf': This function or variable may be unsafe. Consider using sprintf_s instead. To disable deprecation, use _CRT_SECURE_NO_WARNINGS. See online help for details.
                 c:\program files (x86)\microsoft visual studio 10.0\vc\include\stdio.h(371) : see declaration of 'sprintf'
     1>c:\development\fixgateway-mt4\fix_gateway\fixgatewaydll\fixgateway.c(460): warning C4996: 'gmtime': This function or variable may be unsafe. Consider using gmtime_s instead. To disable deprecation, use _CRT_SECURE_NO_WARNINGS. See online help for details.
                 c:\program files (x86)\microsoft visual studio 10.0\vc\include\time.inl(99) : see declaration of 'gmtime'
     1>c:\development\fixgateway-mt4\fix_gateway\fixgatewaydll\fixgateway.c(485): warning C4996: 'sprintf': This function or variable may be unsafe. Consider using sprintf_s instead. To disable deprecation, use _CRT_SECURE_NO_WARNINGS. See online help for details.
                 c:\program files (x86)\microsoft visual studio 10.0\vc\include\stdio.h(371) : see declaration of 'sprintf'
     1>c:\development\fixgateway-mt4\fix_gateway\fixgatewaydll\fixgateway.c(521): warning C4996: 'sprintf': This function or variable may be unsafe. Consider using sprintf_s instead. To disable deprecation, use _CRT_SECURE_NO_WARNINGS. See online help for details.
                 c:\program files (x86)\microsoft visual studio 10.0\vc\include\stdio.h(371) : see declaration of 'sprintf'
     1>c:\development\fixgateway-mt4\fix_gateway\fixgatewaydll\fixgateway.c(543): warning C4996: 'sprintf': This function or variable may be unsafe. Consider using sprintf_s instead. To disable deprecation, use _CRT_SECURE_NO_WARNINGS. See online help for details.
                 c:\program files (x86)\microsoft visual studio 10.0\vc\include\stdio.h(371) : see declaration of 'sprintf'
     1>c:\development\fixgateway-mt4\fix_gateway\fixgatewaydll\fixgateway.c(566): warning C4996: 'sprintf': This function or variable may be unsafe. Consider using sprintf_s instead. To disable deprecation, use _CRT_SECURE_NO_WARNINGS. See online help for details.
                 c:\program files (x86)\microsoft visual studio 10.0\vc\include\stdio.h(371) : see declaration of 'sprintf'
     1>c:\development\fixgateway-mt4\fix_gateway\fixgatewaydll\fixgateway.c(578): warning C4996: 'sprintf': This function or variable may be unsafe. Consider using sprintf_s instead. To disable deprecation, use _CRT_SECURE_NO_WARNINGS. See online help for details.
                 c:\program files (x86)\microsoft visual studio 10.0\vc\include\stdio.h(371) : see declaration of 'sprintf'
     1>c:\development\fixgateway-mt4\fix_gateway\fixgatewaydll\fixgateway.c(553): warning C4101: 'mlen' : unreferenced local variable
     1>c:\development\fixgateway-mt4\fix_gateway\fixgatewaydll\fixgateway.c(596): warning C4996: 'sprintf': This function or variable may be unsafe. Consider using sprintf_s instead. To disable deprecation, use _CRT_SECURE_NO_WARNINGS. See online help for details.
                 c:\program files (x86)\microsoft visual studio 10.0\vc\include\stdio.h(371) : see declaration of 'sprintf'
     1>c:\development\fixgateway-mt4\fix_gateway\fixgatewaydll\fixgateway.c(616): warning C4996: 'sprintf': This function or variable may be unsafe. Consider using sprintf_s instead. To disable deprecation, use _CRT_SECURE_NO_WARNINGS. See online help for details.
                 c:\program files (x86)\microsoft visual studio 10.0\vc\include\stdio.h(371) : see declaration of 'sprintf'
     1>c:\development\fixgateway-mt4\fix_gateway\fixgatewaydll\fixgateway.c(645): warning C4996: 'sprintf': This function or variable may be unsafe. Consider using sprintf_s instead. To disable deprecation, use _CRT_SECURE_NO_WARNINGS. See online help for details.
                 c:\program files (x86)\microsoft visual studio 10.0\vc\include\stdio.h(371) : see declaration of 'sprintf'
     1>c:\development\fixgateway-mt4\fix_gateway\fixgatewaydll\fixgateway.c(674): warning C4996: 'sprintf': This function or variable may be unsafe. Consider using sprintf_s instead. To disable deprecation, use _CRT_SECURE_NO_WARNINGS. See online help for details.
                 c:\program files (x86)\microsoft visual studio 10.0\vc\include\stdio.h(371) : see declaration of 'sprintf'
     1>c:\development\fixgateway-mt4\fix_gateway\fixgatewaydll\fixgateway.c(703): warning C4996: 'sprintf': This function or variable may be unsafe. Consider using sprintf_s instead. To disable deprecation, use _CRT_SECURE_NO_WARNINGS. See online help for details.
                 c:\program files (x86)\microsoft visual studio 10.0\vc\include\stdio.h(371) : see declaration of 'sprintf'
     1>c:\development\fixgateway-mt4\fix_gateway\fixgatewaydll\fixgateway.c(723): warning C4996: 'sprintf': This function or variable may be unsafe. Consider using sprintf_s instead. To disable deprecation, use _CRT_SECURE_NO_WARNINGS. See online help for details.
                 c:\program files (x86)\microsoft visual studio 10.0\vc\include\stdio.h(371) : see declaration of 'sprintf'
     1>c:\development\fixgateway-mt4\fix_gateway\fixgatewaydll\fixgateway.c(746): warning C4996: 'sprintf': This function or variable may be unsafe. Consider using sprintf_s instead. To disable deprecation, use _CRT_SECURE_NO_WARNINGS. See online help for details.
                 c:\program files (x86)\microsoft visual studio 10.0\vc\include\stdio.h(371) : see declaration of 'sprintf'
     1>c:\development\fixgateway-mt4\fix_gateway\fixgatewaydll\fixgateway.c(778): warning C4996: 'sprintf': This function or variable may be unsafe. Consider using sprintf_s instead. To disable deprecation, use _CRT_SECURE_NO_WARNINGS. See online help for details.
                 c:\program files (x86)\microsoft visual studio 10.0\vc\include\stdio.h(371) : see declaration of 'sprintf'
     1>c:\development\fixgateway-mt4\fix_gateway\fixgatewaydll\fixgateway.c(865): warning C4996: 'sscanf': This function or variable may be unsafe. Consider using sscanf_s instead. To disable deprecation, use _CRT_SECURE_NO_WARNINGS. See online help for details.
                 c:\program files (x86)\microsoft visual studio 10.0\vc\include\stdio.h(325) : see declaration of 'sscanf'
     1>c:\development\fixgateway-mt4\fix_gateway\fixgatewaydll\fixgateway.c(932): warning C4244: '=' : conversion from 'double' to 'int', possible loss of data
     1>c:\development\fixgateway-mt4\fix_gateway\fixgatewaydll\fixgateway.c(881): warning C4101: 'n' : unreferenced local variable
     1>c:\development\fixgateway-mt4\fix_gateway\fixgatewaydll\fixgateway.c(1002): warning C4101: 'n' : unreferenced local variable
     1>c:\development\fixgateway-mt4\fix_gateway\fixgatewaydll\fixgateway.c(1003): warning C4101: 'seq' : unreferenced local variable
     1>c:\development\fixgateway-mt4\fix_gateway\fixgatewaydll\fixgateway.c(1002): warning C4101: 'r' : unreferenced local variable
     1>c:\development\fixgateway-mt4\fix_gateway\fixgatewaydll\fixgateway.c(1087): warning C4101: 'i' : unreferenced local variable
     1>c:\development\fixgateway-mt4\fix_gateway\fixgatewaydll\fixgateway.c(1125): warning C4101: 'ss' : unreferenced local variable
     1>c:\development\fixgateway-mt4\fix_gateway\fixgatewaydll\fixgateway.c(1258): warning C4101: 'iii' : unreferenced local variable
     1>c:\development\fixgateway-mt4\fix_gateway\fixgatewaydll\fixgateway.c(1258): warning C4101: 'ii' : unreferenced local variable
     1>c:\development\fixgateway-mt4\fix_gateway\fixgatewaydll\fixgateway.c(1371): warning C4996: 'sprintf': This function or variable may be unsafe. Consider using sprintf_s instead. To disable deprecation, use _CRT_SECURE_NO_WARNINGS. See online help for details.
                 c:\program files (x86)\microsoft visual studio 10.0\vc\include\stdio.h(371) : see declaration of 'sprintf'
     1>c:\development\fixgateway-mt4\fix_gateway\fixgatewaydll\fixgateway.c(1378): warning C4996: 'sprintf': This function or variable may be unsafe. Consider using sprintf_s instead. To disable deprecation, use _CRT_SECURE_NO_WARNINGS. See online help for details.
                 c:\program files (x86)\microsoft visual studio 10.0\vc\include\stdio.h(371) : see declaration of 'sprintf'
         common.c
     1>c:\development\fixgateway-mt4\fix_gateway\fixgatewaydll\common.c(12): warning C4996: 'localtime': This function or variable may be unsafe. Consider using localtime_s instead. To disable deprecation, use _CRT_SECURE_NO_WARNINGS. See online help for details.
                 c:\program files (x86)\microsoft visual studio 10.0\vc\include\time.inl(112) : see declaration of 'localtime'
     1>c:\development\fixgateway-mt4\fix_gateway\fixgatewaydll\common.c(15): warning C4996: 'sprintf': This function or variable may be unsafe. Consider using sprintf_s instead. To disable deprecation, use _CRT_SECURE_NO_WARNINGS. See online help for details.
                 c:\program files (x86)\microsoft visual studio 10.0\vc\include\stdio.h(371) : see declaration of 'sprintf'
     1>c:\development\fixgateway-mt4\fix_gateway\fixgatewaydll\common.c(8): warning C4101: 'u' : unreferenced local variable
         Generating Code...
     1>c:\development\fixgateway-mt4\fix_gateway\fixgatewaydll\fixgateway.c(208): warning C4715: 'metatraderCmdFromFixOrderTypeAndSide' : not all control paths return a value
     1>c:\development\fixgateway-mt4\fix_gateway\fixgatewaydll\fixgateway.c(245): warning C4715: 'fixSymComparator' : not all control paths return a value
       ManifestResourceCompile:
         All outputs are up-to-date.
       Link:
         c:\Program Files (x86)\Microsoft Visual Studio 10.0\VC\bin\link.exe /ERRORREPORT:PROMPT /OUT:"C:\Development\fixGateway-mt4\fix_Gateway\Debug\FixGatewayDll.dll" /INCREMENTAL /NOLOGO WS2_32.LIB Winmm.lib kernel32.lib user32.lib gdi32.lib winspool.lib comdlg32.lib advapi32.lib shell32.lib ole32.lib oleaut32.lib uuid.lib odbc32.lib odbccp32.lib /MANIFEST /ManifestFile:"Debug\FixGatewayDll.dll.intermediate.manifest" /MANIFESTUAC:"level='asInvoker' uiAccess='false'" /DEBUG /PDB:"C:\Development\fixGateway-mt4\fix_Gateway\Debug\FixGatewayDll.pdb" /SUBSYSTEM:WINDOWS /TLBID:1 /DYNAMICBASE /NXCOMPAT /IMPLIB:"C:\Development\fixGateway-mt4\fix_Gateway\Debug\FixGatewayDll.lib" /MACHINE:X86 /DLL Debug\FixGatewayDll.dll.embed.manifest.res
         Debug\common.obj
         Debug\fixGateway.obj
            Creating library C:\Development\fixGateway-mt4\fix_Gateway\Debug\FixGatewayDll.lib and object C:\Development\fixGateway-mt4\fix_Gateway\Debug\FixGatewayDll.exp
       Manifest:
         C:\Program Files (x86)\Microsoft SDKs\Windows\v7.0A\bin\mt.exe /nologo /verbose /out:"Debug\FixGatewayDll.dll.embed.manifest" /manifest Debug\FixGatewayDll.dll.intermediate.manifest
         C:\Program Files (x86)\Microsoft SDKs\Windows\v7.0A\bin\rc.exe /nologo /fo"Debug\FixGatewayDll.dll.embed.manifest.res" Debug\FixGatewayDll_manifest.rc 
       LinkEmbedManifest:
         c:\Program Files (x86)\Microsoft Visual Studio 10.0\VC\bin\link.exe /ERRORREPORT:PROMPT /OUT:"C:\Development\fixGateway-mt4\fix_Gateway\Debug\FixGatewayDll.dll" /INCREMENTAL /NOLOGO WS2_32.LIB Winmm.lib kernel32.lib user32.lib gdi32.lib winspool.lib comdlg32.lib advapi32.lib shell32.lib ole32.lib oleaut32.lib uuid.lib odbc32.lib odbccp32.lib /MANIFEST /ManifestFile:"Debug\FixGatewayDll.dll.intermediate.manifest" /MANIFESTUAC:"level='asInvoker' uiAccess='false'" /DEBUG /PDB:"C:\Development\fixGateway-mt4\fix_Gateway\Debug\FixGatewayDll.pdb" /SUBSYSTEM:WINDOWS /TLBID:1 /DYNAMICBASE /NXCOMPAT /IMPLIB:"C:\Development\fixGateway-mt4\fix_Gateway\Debug\FixGatewayDll.lib" /MACHINE:X86 /DLL Debug\FixGatewayDll.dll.embed.manifest.res
         Debug\common.obj
         Debug\fixGateway.obj
            Creating library C:\Development\fixGateway-mt4\fix_Gateway\Debug\FixGatewayDll.lib and object C:\Development\fixGateway-mt4\fix_Gateway\Debug\FixGatewayDll.exp
         FixGatewayDll.vcxproj -> C:\Development\fixGateway-mt4\fix_Gateway\Debug\FixGatewayDll.dll
       FinalizeBuildStatus:
         Deleting file "Debug\FixGatewayDll.unsuccessfulbuild".
         Touching "Debug\FixGatewayDll.lastbuildstate".
     1>Done Building Project "C:\Development\fixGateway-mt4\fix_Gateway\FixGatewayDll\FixGatewayDll.vcxproj" (build target(s)).

Build succeeded.

Time Elapsed 00:00:02.28
